# JRE version: Java(TM) SE Runtime Environment (8.0_25-b18) (build 1.8.0_25-b18)
# Java VM: Java HotSpot(TM) 64-Bit Server VM (25.25-b02 mixed mode windows-amd64 compressed oops)
Heap:
 PSYoungGen      total 243200K, used 44072K [0x0000000780000000, 0x0000000792d00000, 0x00000007c0000000)
  eden space 229888K, 13% used [0x0000000780000000,0x0000000781e116d0,0x000000078e080000)
  from space 13312K, 99% used [0x000000078f200000,0x000000078fef8c88,0x000000078ff00000)
  to   space 17920K, 0% used [0x000000078e080000,0x000000078e080000,0x000000078f200000)
 ParOldGen       total 125440K, used 24408K [0x0000000700000000, 0x0000000707a80000, 0x0000000780000000)
  object space 125440K, 19% used [0x0000000700000000,0x00000007017d63c0,0x0000000707a80000)
 Metaspace       used 49617K, capacity 53152K, committed 53248K, reserved 1095680K
  class space    used 6753K, capacity 7364K, committed 7424K, reserved 1048576K
GC Heap History (10 events):
Event: 2.372 GC heap before
{Heap before GC invocations=6 (full 1):
 PSYoungGen      total 106496K, used 8161K [0x0000000780000000, 0x000000078d400000, 0x00000007c0000000)
  eden space 98304K, 0% used [0x0000000780000000,0x0000000780000000,0x0000000786000000)
  from space 8192K, 99% used [0x0000000786000000,0x00000007867f87a8,0x0000000786800000)
  to   space 10240K, 0% used [0x000000078ca00000,0x000000078ca00000,0x000000078d400000)
 ParOldGen       total 131072K, used 1281K [0x0000000700000000, 0x0000000708000000, 0x0000000780000000)
  object space 131072K, 0% used [0x0000000700000000,0x0000000700140748,0x0000000708000000)
 Metaspace       used 20189K, capacity 21254K, committed 21296K, reserved 1067008K
  class space    used 2685K, capacity 2919K, committed 2944K, reserved 1048576K
Event: 2.403 GC heap after
Heap after GC invocations=6 (full 1):
 PSYoungGen      total 106496K, used 0K [0x0000000780000000, 0x000000078d400000, 0x00000007c0000000)
  eden space 98304K, 0% used [0x0000000780000000,0x0000000780000000,0x0000000786000000)
  from space 8192K, 0% used [0x0000000786000000,0x0000000786000000,0x0000000786800000)
  to   space 10240K, 0% used [0x000000078ca00000,0x000000078ca00000,0x000000078d400000)
 ParOldGen       total 78848K, used 8203K [0x0000000700000000, 0x0000000704d00000, 0x0000000780000000)
  object space 78848K, 10% used [0x0000000700000000,0x0000000700802cf0,0x0000000704d00000)
 Metaspace       used 20186K, capacity 21250K, committed 21296K, reserved 1067008K
  class space    used 2683K, capacity 2917K, committed 2944K, reserved 1048576K
}
Event: 3.709 GC heap before
{Heap before GC invocations=7 (full 1):
 PSYoungGen      total 106496K, used 98304K [0x0000000780000000, 0x000000078d400000, 0x00000007c0000000)
  eden space 98304K, 100% used [0x0000000780000000,0x0000000786000000,0x0000000786000000)
  from space 8192K, 0% used [0x0000000786000000,0x0000000786000000,0x0000000786800000)
  to   space 10240K, 0% used [0x000000078ca00000,0x000000078ca00000,0x000000078d400000)
 ParOldGen       total 78848K, used 8203K [0x0000000700000000, 0x0000000704d00000, 0x0000000780000000)
  object space 78848K, 10% used [0x0000000700000000,0x0000000700802cf0,0x0000000704d00000)
 Metaspace       used 28830K, capacity 30852K, committed 30976K, reserved 1075200K
  class space    used 3938K, capacity 4292K, committed 4352K, reserved 1048576K
Event: 3.719 GC heap after
Heap after GC invocations=7 (full 1):
 PSYoungGen      total 162304K, used 10223K [0x0000000780000000, 0x000000078d400000, 0x00000007c0000000)
  eden space 152064K, 0% used [0x0000000780000000,0x0000000780000000,0x0000000789480000)
  from space 10240K, 99% used [0x000000078ca00000,0x000000078d3fbcd8,0x000000078d400000)
  to   space 11776K, 0% used [0x000000078bd00000,0x000000078bd00000,0x000000078c880000)
 ParOldGen       total 78848K, used 9294K [0x0000000700000000, 0x0000000704d00000, 0x0000000780000000)
  object space 78848K, 11% used [0x0000000700000000,0x0000000700913a78,0x0000000704d00000)
 Metaspace       used 28830K, capacity 30852K, committed 30976K, reserved 1075200K
  class space    used 3938K, capacity 4292K, committed 4352K, reserved 1048576K
}
Event: 4.454 GC heap before
{Heap before GC invocations=8 (full 1):
 PSYoungGen      total 162304K, used 161344K [0x0000000780000000, 0x000000078d400000, 0x00000007c0000000)
  eden space 152064K, 99% used [0x0000000780000000,0x00000007893945e0,0x0000000789480000)
  from space 10240K, 99% used [0x000000078ca00000,0x000000078d3fbcd8,0x000000078d400000)
  to   space 11776K, 0% used [0x000000078bd00000,0x000000078bd00000,0x000000078c880000)
 ParOldGen       total 78848K, used 9294K [0x0000000700000000, 0x0000000704d00000, 0x0000000780000000)
  object space 78848K, 11% used [0x0000000700000000,0x0000000700913a78,0x0000000704d00000)
 Metaspace       used 33148K, capacity 35304K, committed 35456K, reserved 1079296K
  class space    used 4473K, capacity 4882K, committed 4992K, reserved 1048576K
Event: 4.466 GC heap after
Heap after GC invocations=8 (full 1):
 PSYoungGen      total 205312K, used 11247K [0x0000000780000000, 0x000000078ff00000, 0x00000007c0000000)
  eden space 193536K, 0% used [0x0000000780000000,0x0000000780000000,0x000000078bd00000)
  from space 11776K, 95% used [0x000000078bd00000,0x000000078c7fbe48,0x000000078c880000)
  to   space 13312K, 0% used [0x000000078f200000,0x000000078f200000,0x000000078ff00000)
 ParOldGen       total 78848K, used 9366K [0x0000000700000000, 0x0000000704d00000, 0x0000000780000000)
  object space 78848K, 11% used [0x0000000700000000,0x0000000700925a88,0x0000000704d00000)
 Metaspace       used 33148K, capacity 35304K, committed 35456K, reserved 1079296K
  class space    used 4473K, capacity 4882K, committed 4992K, reserved 1048576K
}
Event: 4.466 GC heap before
{Heap before GC invocations=9 (full 2):
 PSYoungGen      total 205312K, used 11247K [0x0000000780000000, 0x000000078ff00000, 0x00000007c0000000)
  eden space 193536K, 0% used [0x0000000780000000,0x0000000780000000,0x000000078bd00000)
  from space 11776K, 95% used [0x000000078bd00000,0x000000078c7fbe48,0x000000078c880000)
  to   space 13312K, 0% used [0x000000078f200000,0x000000078f200000,0x000000078ff00000)
 ParOldGen       total 78848K, used 9366K [0x0000000700000000, 0x0000000704d00000, 0x0000000780000000)
  object space 78848K, 11% used [0x0000000700000000,0x0000000700925a88,0x0000000704d00000)
 Metaspace       used 33148K, capacity 35304K, committed 35456K, reserved 1079296K
  class space    used 4473K, capacity 4882K, committed 4992K, reserved 1048576K
Event: 4.513 GC heap after
Heap after GC invocations=9 (full 2):
 PSYoungGen      total 205312K, used 0K [0x0000000780000000, 0x000000078ff00000, 0x00000007c0000000)
  eden space 193536K, 0% used [0x0000000780000000,0x0000000780000000,0x000000078bd00000)
  from space 11776K, 0% used [0x000000078bd00000,0x000000078bd00000,0x000000078c880000)
  to   space 13312K, 0% used [0x000000078f200000,0x000000078f200000,0x000000078ff00000)
 ParOldGen       total 125440K, used 17753K [0x0000000700000000, 0x0000000707a80000, 0x0000000780000000)
  object space 125440K, 14% used [0x0000000700000000,0x00000007011566f8,0x0000000707a80000)
 Metaspace       used 33148K, capacity 35304K, committed 35456K, reserved 1079296K
  class space    used 4473K, capacity 4882K, committed 4992K, reserved 1048576K
}
Event: 40.658 GC heap before
{Heap before GC invocations=10 (full 2):
 PSYoungGen      total 205312K, used 193536K [0x0000000780000000, 0x000000078ff00000, 0x00000007c0000000)
  eden space 193536K, 100% used [0x0000000780000000,0x000000078bd00000,0x000000078bd00000)
  from space 11776K, 0% used [0x000000078bd00000,0x000000078bd00000,0x000000078c880000)
  to   space 13312K, 0% used [0x000000078f200000,0x000000078f200000,0x000000078ff00000)
 ParOldGen       total 125440K, used 17753K [0x0000000700000000, 0x0000000707a80000, 0x0000000780000000)
  object space 125440K, 14% used [0x0000000700000000,0x00000007011566f8,0x0000000707a80000)
 Metaspace       used 47869K, capacity 51362K, committed 51456K, reserved 1093632K
  class space    used 6568K, capacity 7149K, committed 7168K, reserved 1048576K
Event: 40.676 GC heap after
Heap after GC invocations=10 (full 2):
 PSYoungGen      total 243200K, used 13283K [0x0000000780000000, 0x0000000792d00000, 0x00000007c0000000)
  eden space 229888K, 0% used [0x0000000780000000,0x0000000780000000,0x000000078e080000)
  from space 13312K, 99% used [0x000000078f200000,0x000000078fef8c88,0x000000078ff00000)
  to   space 17920K, 0% used [0x000000078e080000,0x000000078e080000,0x000000078f200000)
 ParOldGen       total 125440K, used 24408K [0x0000000700000000, 0x0000000707a80000, 0x0000000780000000)
  object space 125440K, 19% used [0x0000000700000000,0x00000007017d63c0,0x0000000707a80000)
 Metaspace       used 47869K, capacity 51362K, committed 51456K, reserved 1093632K
  class space    used 6568K, capacity 7149K, committed 7168K, reserved 1048576K
}

